Arguments: 
  /Users/acosmic/.nvm/versions/node/v14.15.4/bin/node /usr/local/Cellar/yarn/1.22.4/libexec/bin/yarn.js

PATH: 
  /Users/acosmic/.rbenv/shims:/Users/acosmic/.rbenv/bin:/Users/acosmic/.platformsh/bin:/Users/acosmic/.nvm/versions/node/v14.15.4/bin:/usr/local/bin:/usr/bin:/bin:/usr/sbin:/sbin:/Library/Apple/usr/bin:/Users/acosmic/.rbenv/shims:/Users/acosmic/.rbenv/bin:/Users/acosmic/.platformsh/bin:/Users/acosmic/.nvm/versions/node/v14.15.4/bin

Yarn version: 
  1.22.4

Node version: 
  14.15.4

Platform: 
  darwin x64

Trace: 
  SyntaxError: /Users/acosmic/projects/lp-help-center-backend/package.json: Unexpected token } in JSON at position 598
      at JSON.parse (<anonymous>)
      at /usr/local/Cellar/yarn/1.22.4/libexec/lib/cli.js:1625:59
      at Generator.next (<anonymous>)
      at step (/usr/local/Cellar/yarn/1.22.4/libexec/lib/cli.js:310:30)
      at /usr/local/Cellar/yarn/1.22.4/libexec/lib/cli.js:321:13

npm manifest: 
  {
    "name": "lp-help-center-backend",
    "version": "1.0.0",
    "description": "",
    "main": "index.js",
    "scripts": {
      "test": "echo \"Error: no test specified\" && exit 1",
      "start": "nodemon ./index.js --exec babel-node -e js",
      "createSchema": ". ./.env && kontent-generate-gql-schema --projectId ${KONTENT_ID} --createModule --outputFile ./data/config.js"
    },
    "author": "",
    "license": "ISC",
    "dependencies": {
      "dotenv": "^8.2.0",
      "express": "^4.17.1",
      "express-graphql": "^0.12.0",
      "graphql": "^15.5.0",
      "graphql-tools": "^7.0.4",
      "nodemon": "^2.0.7",
    },
    "devDependencies": {
      "babel-cli": "^6.26.0",
      "babel-preset-env": "^1.7.0",
      "babel-preset-stage-0": "^6.24.1",
      "@kentico/kontent-delivery": "^10.3.0",
      "@kentico/kontent-management": "^0.4.8",
      "rxjs": "^6.6.6"
    }
  }

yarn manifest: 
  No manifest

Lockfile: 
  No lockfile
